<?xml version="1.0" encoding="UTF-8"?>
<testng-results skipped="0" failed="0" ignored="0" total="0" passed="0">
  <reporter-output>
  </reporter-output>
  <suite name="com.taotao.pagehelper.TestPageHelper" duration-ms="3" started-at="2018-10-23T13:59:59 CST" finished-at="2018-10-23T13:59:59 CST">
    <groups>
    </groups>
    <test name="Command line test" duration-ms="3" started-at="2018-10-23T13:59:59 CST" finished-at="2018-10-23T13:59:59 CST">
    </test> <!-- Command line test -->
  </suite> <!-- com.taotao.pagehelper.TestPageHelper -->
</testng-results>
